C51 COMPILER V9.51   DELAY                                                                 01/29/2016 15:50:08 PAGE 1   


C51 COMPILER V9.51, COMPILATION OF MODULE DELAY
OBJECT MODULE PLACED IN Delay.obj
COMPILER INVOKED BY: F:\keil_for_arm\C51\BIN\C51.EXE Delay\Delay.c OPTIMIZE(8,SPEED) BROWSE INCDIR(.\NRF24L01;.\Delay;.\
                    -uart;.\ESP8266) DEBUG OBJECTEXTEND PRINT(.\Delay.lst) OBJECT(Delay.obj)

line level    source

   1          #include <reg52.h>
   2          
   3          void delay_us(unsigned char t) 
   4          {
   5   1                      while(--t);
   6   1      }
   7          
   8          void delay_ms(unsigned char t) 
   9          {
  10   1                      while(t--)
  11   1                      {
  12   2                                      delay_us(245);
  13   2                                delay_us(245);
  14   2                      }
  15   1      }
  16          
  17          void delay_s(unsigned char t)
  18          {
  19   1                      unsigned char i,j;
  20   1                for(j = 0; j < t; j++)
  21   1                {
  22   2                              for(i = 0; i < 5; i++)
  23   2                              {
  24   3                                              delay_ms(200);
  25   3                              }
  26   2                      }
  27   1      }


MODULE INFORMATION:   STATIC OVERLAYABLE
   CODE SIZE        =     48    ----
   CONSTANT SIZE    =   ----    ----
   XDATA SIZE       =   ----    ----
   PDATA SIZE       =   ----    ----
   DATA SIZE        =   ----    ----
   IDATA SIZE       =   ----    ----
   BIT SIZE         =   ----    ----
END OF MODULE INFORMATION.


C51 COMPILATION COMPLETE.  0 WARNING(S),  0 ERROR(S)
