C51 COMPILER V9.51   SEND                                                                  01/29/2016 15:50:08 PAGE 1   


C51 COMPILER V9.51, COMPILATION OF MODULE SEND
OBJECT MODULE PLACED IN Send.OBJ
COMPILER INVOKED BY: F:\keil_for_arm\C51\BIN\C51.EXE Send.c OPTIMIZE(8,SPEED) BROWSE INCDIR(.\NRF24L01;.\Delay;.\uart;.\
                    -ESP8266) DEBUG OBJECTEXTEND

line level    source

   1          #include <reg52.h>
   2          #include "NRF24L01.h"
   3          #include "Delay.h"
   4          #include "uart.h"
   5          #include "ESP8266.h"
   6          
   7          sbit LED = P0^0;
   8          
   9          unsigned char x = 0;
  10          
  11          unsigned char wifi[13] = {0};
  12          
  13          void Int0_Init()
  14          {
  15   1          EA = 1;
  16   1          IT0 = 0;
  17   1          EX0 = 1;
  18   1      }
  19          
  20          void main()
  21          {
  22   1         unsigned char TxDate[5]={1, 2, 3, 4};
  23   1         unsigned char RxDate[5]={0};
  24   1      
  25   1         com_init();
  26   1         NRF24L01Int();
  27   1         esp8266_init();
  28   1      
  29   1      LED = 1;
  30   1      
  31   1         while(1)
  32   1         {
  33   2                 com_receive_str(wifi);
  34   2                 
  35   2      //         NRFSetTxMode(TxDate);//익퐕췄
  36   2      //            if(!CheckACK())    //쩗쒹퉪疵뭶퐔薩
  37   2      //            { 
  38   2      //                delay_ms(200);
  39   2      //            }
  40   2                 
  41   2                 if(wifi[9] == '1' && wifi[10] == '9' && wifi[11] == '9' && wifi[12] == '4')
  42   2                 {
  43   3                         LED = 0;
  44   3                         
  45   3                         NRFSetTxMode(TxDate);//익퐕췄
  46   3                 if(!CheckACK())    //쩗쒹퉪疵뭶퐔薩
  47   3                 { 
  48   4                     delay_ms(200);
  49   4                 }
  50   3                         
  51   3                         wifi[9] = '0';
  52   3                         delay_ms(200);
  53   3                 }
  54   2                 LED = 1;
C51 COMPILER V9.51   SEND                                                                  01/29/2016 15:50:08 PAGE 2   

  55   2         
  56   2         }
  57   1      }
  58          
  59          void Int0_ISR() interrupt 0
  60          {
  61   1          ;
  62   1      }
  63          
  64          // void uart_receive() interrupt 4
  65          // {
  66          //      unsigned char temp = 0;
  67          //      
  68          //     ES = 0;
  69          //      
  70          //      if(RI)
  71          //      {
  72          //              temp = com_receive_byte();
  73          //              
  74          //              if(temp == '+')
  75          //              {
  76          //                      x = 0;
  77          //              }
  78          //              wifi[x] = temp;
  79          //              x++;
  80          //          RI = 0;
  81          //      }
  82          //      
  83          //      ES = 1;
  84          // }


MODULE INFORMATION:   STATIC OVERLAYABLE
   CODE SIZE        =    123    ----
   CONSTANT SIZE    =     10    ----
   XDATA SIZE       =   ----    ----
   PDATA SIZE       =   ----    ----
   DATA SIZE        =     14      10
   IDATA SIZE       =   ----    ----
   BIT SIZE         =   ----    ----
END OF MODULE INFORMATION.


C51 COMPILATION COMPLETE.  0 WARNING(S),  0 ERROR(S)
