Added Component: Designator=C2(0805C)
Added Component: Designator=C3(0805C)
Added Component: Designator=C4(RB470U)
Added Component: Designator=R1(0805)
Added Component: Designator=SW1(SWD)
Added Component: Designator=U1(DIP40½ôËø×ù)
Added Component: Designator=XTAL1(XTAL)
Added Pin To Net: NetName=GND Pin=C2-1
Added Pin To Net: NetName=GND Pin=C3-1
Added Pin To Net: NetName=GND Pin=R1-1
Added Pin To Net: NetName=GND Pin=U1-20
Added Net: Name=GND
Added Pin To Net: NetName=Netp1_2 Pin=U1-39
Added Net: Name=Netp1_2
Added Pin To Net: NetName=Netp1_3 Pin=U1-38
Added Net: Name=Netp1_3
Added Pin To Net: NetName=Netp1_4 Pin=U1-37
Added Net: Name=Netp1_4
Added Pin To Net: NetName=Netp1_5 Pin=U1-36
Added Net: Name=Netp1_5
Added Pin To Net: NetName=Netp1_6 Pin=U1-35
Added Net: Name=Netp1_6
Added Pin To Net: NetName=Netp1_7 Pin=U1-34
Added Net: Name=Netp1_7
Added Pin To Net: NetName=Netp1_8 Pin=U1-33
Added Net: Name=Netp1_8
Added Pin To Net: NetName=Netp1_9 Pin=U1-32
Added Net: Name=Netp1_9
Added Pin To Net: NetName=RST Pin=C4-2
Added Pin To Net: NetName=RST Pin=R1-2
Added Pin To Net: NetName=RST Pin=SW1-1
Added Pin To Net: NetName=RST Pin=U1-9
Added Net: Name=RST
Added Pin To Net: NetName=VCC Pin=C4-1
Added Pin To Net: NetName=VCC Pin=SW1-2
Added Pin To Net: NetName=VCC Pin=U1-40
Added Net: Name=VCC
Added Pin To Net: NetName=XATL1 Pin=C3-2
Added Pin To Net: NetName=XATL1 Pin=U1-19
Added Pin To Net: NetName=XATL1 Pin=XTAL1-1
Added Net: Name=XATL1
Added Pin To Net: NetName=XATL2 Pin=C2-2
Added Pin To Net: NetName=XATL2 Pin=U1-18
Added Pin To Net: NetName=XATL2 Pin=XTAL1-2
Added Net: Name=XATL2
Added Class: Name=demo0920
Added Room: Name=demo0920
