C51 COMPILER V9.51   DELAY                                                                 05/03/2017 15:39:48 PAGE 1   


C51 COMPILER V9.51, COMPILATION OF MODULE DELAY
OBJECT MODULE PLACED IN Delay.obj
COMPILER INVOKED BY: F:\keil_for_arm\C51\BIN\C51.EXE Delay\Delay.c OPTIMIZE(8,SPEED) BROWSE INCDIR(.\Delay;.\LCD;.\uart;
                    -.\gps;.\gsm900c;.\uart2_STC12C5A60S2;.\NRF24L01;..\≥µ‘ÿ∑¿µ¡) DEBUG OBJECTEXTEND PRINT(.\Delay.lst) OBJECT(Delay.obj)

line level    source

   1          #include "STC12C5A60S2.H"
   2          #include "Delay.h"
   3          
   4          void Delay_us(unsigned char t)
   5          {
   6   1              while(--t);
   7   1      }
   8          
   9          void Delay_ms(unsigned char t)
  10          {
  11   1              while(t--)
  12   1              {
  13   2                      Delay_us(245);
  14   2                      Delay_us(245);
  15   2              }
  16   1      }
  17          
  18          void Delay_s(unsigned char t)
  19          {
  20   1              unsigned char i, j;
  21   1              for(i = 0; i < t; i++)
  22   1              {
  23   2                      for(j = 0; j < 5; j++)
  24   2                      {
  25   3                              Delay_ms(200);
  26   3                      }
  27   2              }
  28   1      }


MODULE INFORMATION:   STATIC OVERLAYABLE
   CODE SIZE        =     48    ----
   CONSTANT SIZE    =   ----    ----
   XDATA SIZE       =   ----    ----
   PDATA SIZE       =   ----    ----
   DATA SIZE        =   ----    ----
   IDATA SIZE       =   ----    ----
   BIT SIZE         =   ----    ----
END OF MODULE INFORMATION.


C51 COMPILATION COMPLETE.  0 WARNING(S),  0 ERROR(S)
