C51 COMPILER V9.51   GPS                                                                   05/03/2017 15:39:49 PAGE 1   


C51 COMPILER V9.51, COMPILATION OF MODULE GPS
OBJECT MODULE PLACED IN gps.obj
COMPILER INVOKED BY: F:\keil_for_arm\C51\BIN\C51.EXE gps\gps.c OPTIMIZE(8,SPEED) BROWSE INCDIR(.\Delay;.\LCD;.\uart;.\gp
                    -s;.\gsm900c;.\uart2_STC12C5A60S2;.\NRF24L01;..\≥µ‘ÿ∑¿µ¡) DEBUG OBJECTEXTEND PRINT(.\gps.lst) OBJECT(gps.obj)

line level    source

   1          #include "STC12C5A60S2.H"
   2          #include "uart2_STC12C5A60S2.h"
   3          #include "Delay.h"
   4          #include "gps.h"
   5          #include "uart.h"
   6          
   7          bit Flag_GPS_OK = 0;
   8          
   9          unsigned char xdata RX_Buffer[68] = {0};
  10          unsigned char xdata RX_Count = 0;
  11          
  12          void gps_init()
  13          {
  14   1              SCON = 0x50;
  15   1              REN  = 1;
  16   1              TMOD = 0x20 | TMOD;
  17   1              TH1 = 0xFD;
  18   1              TR1 = 1;
  19   1      //      EA   = 1;     
  20   1      //      ES   = 1;
  21   1      }
  22          
  23          void gps_receive()              
  24          { 
  25   1              unsigned char temp = 0;
  26   1              
  27   1              ES = 0;
  28   1              
  29   1              temp = SBUF;
  30   1              
  31   1              if(temp == '$')
  32   1              {
  33   2                      RX_Count = 0;
  34   2                      Flag_GPS_OK = 0;                
  35   2              }
  36   1      
  37   1              RX_Buffer[RX_Count++] = temp;
  38   1              
  39   1      //      uart2_sendonebyte('1');
  40   1              
  41   1              com_send_byte('1');
  42   1              
  43   1      //      Delay_s(1);
  44   1      
  45   1              if(RX_Count == 50)
  46   1              {
  47   2                      if(RX_Buffer[4] == 'G' && RX_Buffer[6] == ',' && RX_Buffer[17] != ',')
  48   2                      {
  49   3                              Flag_GPS_OK = 1;
  50   3      //                      uart2_send_str1(68, RX_Buffer);                 
  51   3                      }
  52   2                              
  53   2              }
  54   1      
C51 COMPILER V9.51   GPS                                                                   05/03/2017 15:39:49 PAGE 2   

  55   1              RI = 0;
  56   1      }
  57          


MODULE INFORMATION:   STATIC OVERLAYABLE
   CODE SIZE        =     86    ----
   CONSTANT SIZE    =   ----    ----
   XDATA SIZE       =     69    ----
   PDATA SIZE       =   ----    ----
   DATA SIZE        =   ----    ----
   IDATA SIZE       =   ----    ----
   BIT SIZE         =      1    ----
END OF MODULE INFORMATION.


C51 COMPILATION COMPLETE.  0 WARNING(S),  0 ERROR(S)
