C51 COMPILER V9.51   LCD                                                                   05/03/2017 15:39:48 PAGE 1   


C51 COMPILER V9.51, COMPILATION OF MODULE LCD
OBJECT MODULE PLACED IN LCD.obj
COMPILER INVOKED BY: F:\keil_for_arm\C51\BIN\C51.EXE LCD\LCD.c OPTIMIZE(8,SPEED) BROWSE INCDIR(.\Delay;.\LCD;.\uart;.\gp
                    -s;.\gsm900c;.\uart2_STC12C5A60S2;.\NRF24L01;..\≥µ‘ÿ∑¿µ¡) DEBUG OBJECTEXTEND PRINT(.\LCD.lst) OBJECT(LCD.obj)

line level    source

   1          #include "STC12C5A60S2.H"
   2          #include "LCD.h"
   3          #include "Delay.h"
   4          
   5          void LCD_init()
   6          {
   7   1              unsigned char t = 16;
   8   1              
   9   1              E = 0;
  10   1              
  11   1              Delay_ms(15);
  12   1              write_com(0x38);
  13   1              Delay_ms(5);
  14   1              write_com(0x38);
  15   1              Delay_ms(5);
  16   1              write_com(0x38);
  17   1              Delay_ms(5);
  18   1              
  19   1              write_com(0x38);
  20   1              write_com(0x0F);
  21   1              write_com(0x06);
  22   1              
  23   1              
  24   1              write_com(0x01);
  25   1              write_com(0x80);
  26   1      }
  27          
  28          void write_com(unsigned char con)
  29          {
  30   1              RS = 0;
  31   1              RW = 0;
  32   1              P0 = con;
  33   1              Delay_ms(5);
  34   1              
  35   1              E = 1;
  36   1              Delay_ms(5);
  37   1              E = 0;
  38   1      }
  39          
  40          void write_data(unsigned char dat)
  41          {
  42   1              RS = 1;
  43   1              RW = 0;
  44   1              P0 = dat;
  45   1              Delay_ms(5);
  46   1              
  47   1              E = 1;
  48   1              Delay_ms(5);
  49   1              E = 0;
  50   1      }
  51          
  52          void write_data_char(unsigned char x, unsigned char y, unsigned char s)
  53          {
  54   1              if(x == 1)
C51 COMPILER V9.51   LCD                                                                   05/03/2017 15:39:48 PAGE 2   

  55   1              {
  56   2                      write_com(0x80 + 0x00 + y);
  57   2              }
  58   1              else
  59   1              {
  60   2                      write_com(0x80 + 0x40 + y);
  61   2              }
  62   1      
  63   1          write_data(s);
  64   1      }
  65          
  66          void write_data_str(unsigned char x, unsigned char y, unsigned char *s)
  67          {
  68   1              if(x == 1)
  69   1              {
  70   2                      write_com(0x80 + 0x00 + y);
  71   2              }
  72   1              else
  73   1              {
  74   2                      write_com(0x80 + 0x40 + y);
  75   2              }
  76   1              
  77   1              while(*s)
  78   1              {
  79   2                      write_data(*s);
  80   2                      s++;
  81   2              }
  82   1      }


MODULE INFORMATION:   STATIC OVERLAYABLE
   CODE SIZE        =    183    ----
   CONSTANT SIZE    =   ----    ----
   XDATA SIZE       =   ----    ----
   PDATA SIZE       =   ----    ----
   DATA SIZE        =   ----       7
   IDATA SIZE       =   ----    ----
   BIT SIZE         =   ----    ----
END OF MODULE INFORMATION.


C51 COMPILATION COMPLETE.  0 WARNING(S),  0 ERROR(S)
