C51 COMPILER V9.51   UART2_STC12C5A60S2                                                    04/14/2016 13:04:49 PAGE 1   


C51 COMPILER V9.51, COMPILATION OF MODULE UART2_STC12C5A60S2
OBJECT MODULE PLACED IN uart2_STC12C5A60S2.obj
COMPILER INVOKED BY: F:\keil_for_arm\C51\BIN\C51.EXE uart2_STC12C5A60S2\uart2_STC12C5A60S2.c OPTIMIZE(8,SPEED) BROWSE IN
                    -CDIR(.\Delay;.\LCD;.\uart;.\gps;.\gsm900c;.\uart2_STC12C5A60S2;.\NRF24L01;..\≥µ‘ÿ∑¿µ¡) DEBUG OBJECTEXTEND PRINT(.\uart2_
                    -STC12C5A60S2.lst) OBJECT(uart2_STC12C5A60S2.obj)

line level    source

   1          #include "STC12C5A60S2.H"
   2          #include "uart2_STC12C5A60S2.h"
   3          
   4          void uart2_init()
   5          {
   6   1              S2CON = 0x50;   
   7   1          BRT = 0xFD;    
   8   1          AUXR = AUXR | 0x10;    
   9   1      //     IE2 =0x01;       
  10   1      }
  11          
  12          void uart2_sendonebyte(unsigned char c)
  13          {
  14   1          S2BUF = c;
  15   1              
  16   1          while(!(S2CON&S2TI))
  17   1              {
  18   2          }
  19   1              
  20   1          S2CON&=~S2TI;
  21   1      //     S2CON &= 0xFD;   
  22   1      }
  23          
  24          void uart2_send_str1(unsigned char m, unsigned char *s)
  25          {
  26   1              unsigned char x = 0;
  27   1              
  28   1              while(x < m)
  29   1              {
  30   2                      uart2_sendonebyte(s[x]);
  31   2                      x++;
  32   2              }
  33   1      }
  34          
  35          void uart2_send_str2(unsigned char *s)
  36          {
  37   1              unsigned char x = 0;
  38   1              
  39   1              while(s[x] != '\0')
  40   1              {
  41   2                      uart2_sendonebyte(s[x]);
  42   2                      x++;
  43   2              }
  44   1      }
  45          
  46          unsigned char uart2_receive_byte()
  47          {
  48   1              if(S2CON&S2RI)
  49   1              {
  50   2                      S2CON&=~S2RI;
  51   2                      
  52   2                      return S2BUF;
  53   2              }
C51 COMPILER V9.51   UART2_STC12C5A60S2                                                    04/14/2016 13:04:49 PAGE 2   

  54   1              
  55   1              return 0;
  56   1      }
  57          
  58          //void uart2_receive_str(unsigned char *s5)
  59          //{
  60          //      unsigned char i = 0;
  61          //      
  62          //      while(i < 10)
  63          //      {
  64          //              if(S2CON&S2RI)
  65          //              {
  66          //               s5[i] = uart2_receive_byte();
  67          //               i++;
  68          //           S2CON&=~S2RI;
  69          //              }
  70          //      }
  71          //}
  72          
  73          void uart2_receive_str(unsigned char *s5)
  74          {
  75   1              unsigned char i = 0;
  76   1              
  77   1              unsigned char flag_over = 1;
  78   1              
  79   1              while(i < 200 && flag_over)
  80   1              {
  81   2                      if(S2CON&S2RI)
  82   2                      {
  83   3                          s5[i] = uart2_receive_byte();
  84   3                              
  85   3                              if(s5[i] == 'O')
  86   3                              {
  87   4                                      flag_over = 0;
  88   4                              }
  89   3                              
  90   3                          i++;
  91   3                      S2CON&=~S2RI;
  92   3                      }
  93   2              }
  94   1      }


MODULE INFORMATION:   STATIC OVERLAYABLE
   CODE SIZE        =    166    ----
   CONSTANT SIZE    =   ----    ----
   XDATA SIZE       =   ----    ----
   PDATA SIZE       =   ----    ----
   DATA SIZE        =   ----       9
   IDATA SIZE       =   ----    ----
   BIT SIZE         =   ----    ----
END OF MODULE INFORMATION.


C51 COMPILATION COMPLETE.  0 WARNING(S),  0 ERROR(S)
